  IID: 96
Intrinsic::x86_sse2_psra_d 6820
Intrinsic::x86_sse2_psra_w 6821
Intrinsic::x86_sse2_psrai_d 6822
Intrinsic::x86_sse2_psrai_w 6823
Intrinsic::x86_avx2_psra_d 5990
Intrinsic::x86_avx2_psra_w 5991
Intrinsic::x86_avx2_psrai_d 5992
Intrinsic::x86_avx2_psrai_w 5993
Intrinsic::x86_avx512_psra_q_128 6432
Intrinsic::x86_avx512_psrai_q_128 6437
Intrinsic::x86_avx512_psra_q_256 6433
Intrinsic::x86_avx512_psrai_q_256 6438
Intrinsic::x86_avx512_psra_d_512 6431
Intrinsic::x86_avx512_psra_q_512 6434
Intrinsic::x86_avx512_psra_w_512 6435
Intrinsic::x86_avx512_psrai_d_512 6436
Intrinsic::x86_avx512_psrai_q_512 6439
Intrinsic::x86_avx512_psrai_w_512 6440
Intrinsic::x86_sse2_psrl_d 6824
Intrinsic::x86_sse2_psrl_q 6825
Intrinsic::x86_sse2_psrl_w 6826
Intrinsic::x86_sse2_psrli_d 6827
Intrinsic::x86_sse2_psrli_q 6828
Intrinsic::x86_sse2_psrli_w 6829
Intrinsic::x86_avx2_psrl_d 5996
Intrinsic::x86_avx2_psrl_q 5997
Intrinsic::x86_avx2_psrl_w 5998
Intrinsic::x86_avx2_psrli_d 5999
Intrinsic::x86_avx2_psrli_q 6000
Intrinsic::x86_avx2_psrli_w 6001
Intrinsic::x86_avx512_psrl_d_512 6448
Intrinsic::x86_avx512_psrl_q_512 6449
Intrinsic::x86_avx512_psrl_w_512 6450
Intrinsic::x86_avx512_psrli_d_512 6451
Intrinsic::x86_avx512_psrli_q_512 6452
Intrinsic::x86_avx512_psrli_w_512 6453
Intrinsic::x86_sse2_psll_d 6814
Intrinsic::x86_sse2_psll_q 6815
Intrinsic::x86_sse2_psll_w 6816
Intrinsic::x86_sse2_pslli_d 6817
Intrinsic::x86_sse2_pslli_q 6818
Intrinsic::x86_sse2_pslli_w 6819
Intrinsic::x86_avx2_psll_d 5980
Intrinsic::x86_avx2_psll_q 5981
Intrinsic::x86_avx2_psll_w 5982
Intrinsic::x86_avx2_pslli_d 5983
Intrinsic::x86_avx2_pslli_q 5984
Intrinsic::x86_avx2_pslli_w 5985
Intrinsic::x86_avx512_psll_d_512 6420
Intrinsic::x86_avx512_psll_q_512 6421
Intrinsic::x86_avx512_psll_w_512 6422
Intrinsic::x86_avx512_pslli_d_512 6423
Intrinsic::x86_avx512_pslli_q_512 6424
Intrinsic::x86_avx512_pslli_w_512 6425
Intrinsic::x86_avx2_psrav_d 5994
Intrinsic::x86_avx2_psrav_d_256 5995
Intrinsic::x86_avx512_psrav_q_128 6442
Intrinsic::x86_avx512_psrav_q_256 6443
Intrinsic::x86_avx512_psrav_d_512 6441
Intrinsic::x86_avx512_psrav_q_512 6444
Intrinsic::x86_avx512_psrav_w_128 6445
Intrinsic::x86_avx512_psrav_w_256 6446
Intrinsic::x86_avx512_psrav_w_512 6447
Intrinsic::x86_avx2_psrlv_d 6002
Intrinsic::x86_avx2_psrlv_d_256 6003
Intrinsic::x86_avx2_psrlv_q 6004
Intrinsic::x86_avx2_psrlv_q_256 6005
Intrinsic::x86_avx512_psrlv_d_512 6454
Intrinsic::x86_avx512_psrlv_q_512 6455
Intrinsic::x86_avx512_psrlv_w_128 6456
Intrinsic::x86_avx512_psrlv_w_256 6457
Intrinsic::x86_avx512_psrlv_w_512 6458
Intrinsic::x86_avx2_psllv_d 5986
Intrinsic::x86_avx2_psllv_d_256 5987
Intrinsic::x86_avx2_psllv_q 5988
Intrinsic::x86_avx2_psllv_q_256 5989
Intrinsic::x86_avx512_psllv_d_512 6426
Intrinsic::x86_avx512_psllv_q_512 6427
Intrinsic::x86_avx512_psllv_w_128 6428
Intrinsic::x86_avx512_psllv_w_256 6429
Intrinsic::x86_avx512_psllv_w_512 6430
Intrinsic::objectsize 199
Intrinsic::bswap 6
Intrinsic::masked_load 155
Intrinsic::masked_store 157
Intrinsic::masked_gather 154
Intrinsic::masked_scatter 156
Intrinsic::launder_invariant_group 135
Intrinsic::strip_invariant_group 234
Intrinsic::powi 202
Intrinsic::cttz 40
Intrinsic::ctlz 38
Intrinsic::ctpop 39
Intrinsic::fshl 120
Intrinsic::fshr 121
Intrinsic::uadd_with_overflow 242
Intrinsic::sadd_with_overflow 215
Intrinsic::umul_with_overflow 245
Intrinsic::smul_with_overflow 224
Intrinsic::usub_with_overflow 247
Intrinsic::ssub_with_overflow 229
Intrinsic::uadd_sat 241
Intrinsic::sadd_sat 214
Intrinsic::usub_sat 246
Intrinsic::ssub_sat 228
Intrinsic::minnum 167
Intrinsic::maxnum 159
Intrinsic::minimum 166
Intrinsic::maximum 158
Intrinsic::fmuladd 118
Intrinsic::fma 117
Intrinsic::fabs 114
Intrinsic::ceil 8
Intrinsic::floor 115
Intrinsic::round 213
Intrinsic::nearbyint 168
Intrinsic::rint 212
Intrinsic::trunc 238
Intrinsic::cos 37
Intrinsic::amdgcn_cos 496
Intrinsic::sin 221
Intrinsic::ppc_altivec_lvx 5138
Intrinsic::ppc_altivec_lvxl 5139
Intrinsic::ppc_vsx_lxvw4x 5465
Intrinsic::ppc_vsx_lxvd2x 5461
Intrinsic::ppc_altivec_stvx 5145
Intrinsic::ppc_altivec_stvxl 5146
Intrinsic::ppc_vsx_stxvw4x 5471
Intrinsic::ppc_vsx_stxvd2x 5467
Intrinsic::ppc_qpx_qvlfs 5419
Intrinsic::ppc_qpx_qvlfd 5413
Intrinsic::ppc_qpx_qvstfs 5433
Intrinsic::ppc_qpx_qvstfd 5429
Intrinsic::x86_bmi_bextr_32 6595
Intrinsic::x86_bmi_bextr_64 6596
Intrinsic::x86_tbm_bextri_u32 6912
Intrinsic::x86_tbm_bextri_u64 6913
Intrinsic::x86_bmi_bzhi_32 6597
Intrinsic::x86_bmi_bzhi_64 6598
Intrinsic::x86_vcvtph2ps_128 6917
Intrinsic::x86_vcvtph2ps_256 6918
Intrinsic::x86_sse_cvtss2si 6751
Intrinsic::x86_sse_cvtss2si64 6752
Intrinsic::x86_sse_cvttss2si 6755
Intrinsic::x86_sse_cvttss2si64 6756
Intrinsic::x86_sse2_cvtsd2si 6788
Intrinsic::x86_sse2_cvtsd2si64 6789
Intrinsic::x86_sse2_cvttsd2si 6793
Intrinsic::x86_sse2_cvttsd2si64 6794
Intrinsic::x86_avx512_vcvtss2si32 6529
Intrinsic::x86_avx512_vcvtss2si64 6530
Intrinsic::x86_avx512_vcvtss2usi32 6531
Intrinsic::x86_avx512_vcvtss2usi64 6532
Intrinsic::x86_avx512_vcvtsd2si32 6525
Intrinsic::x86_avx512_vcvtsd2si64 6526
Intrinsic::x86_avx512_vcvtsd2usi32 6527
Intrinsic::x86_avx512_vcvtsd2usi64 6528
Intrinsic::x86_avx512_cvttss2si 6033
Intrinsic::x86_avx512_cvttss2si64 6034
Intrinsic::x86_avx512_cvttss2usi 6035
Intrinsic::x86_avx512_cvttss2usi64 6036
Intrinsic::x86_avx512_cvttsd2si 6029
Intrinsic::x86_avx512_cvttsd2si64 6030
Intrinsic::x86_avx512_cvttsd2usi 6031
Intrinsic::x86_avx512_cvttsd2usi64 6032
Intrinsic::x86_mmx_pmovmskb 6662
Intrinsic::x86_sse_movmsk_ps 6762
Intrinsic::x86_sse2_movmsk_pd 6802
Intrinsic::x86_sse2_pmovmskb_128 6810
Intrinsic::x86_avx_movmsk_pd_256 5902
Intrinsic::x86_avx_movmsk_ps_256 5903
Intrinsic::x86_avx2_pmovmskb 5971
Intrinsic::x86_sse_comieq_ss 6741
Intrinsic::x86_sse_comige_ss 6742
Intrinsic::x86_sse_comigt_ss 6743
Intrinsic::x86_sse_comile_ss 6744
Intrinsic::x86_sse_comilt_ss 6745
Intrinsic::x86_sse_comineq_ss 6746
Intrinsic::x86_sse_ucomieq_ss 6770
Intrinsic::x86_sse_ucomige_ss 6771
Intrinsic::x86_sse_ucomigt_ss 6772
Intrinsic::x86_sse_ucomile_ss 6773
Intrinsic::x86_sse_ucomilt_ss 6774
Intrinsic::x86_sse_ucomineq_ss 6775
Intrinsic::x86_sse2_comieq_sd 6779
Intrinsic::x86_sse2_comige_sd 6780
Intrinsic::x86_sse2_comigt_sd 6781
Intrinsic::x86_sse2_comile_sd 6782
Intrinsic::x86_sse2_comilt_sd 6783
Intrinsic::x86_sse2_comineq_sd 6784
Intrinsic::x86_sse2_ucomieq_sd 6830
Intrinsic::x86_sse2_ucomige_sd 6831
Intrinsic::x86_sse2_ucomigt_sd 6832
Intrinsic::x86_sse2_ucomile_sd 6833
Intrinsic::x86_sse2_ucomilt_sd 6834
Intrinsic::x86_sse2_ucomineq_sd 6835
Intrinsic::x86_avx512_vcomi_ss 6524
Intrinsic::x86_avx512_vcomi_sd 6523
Intrinsic::x86_avx512_mask_cmp_ss 6096
Intrinsic::x86_avx512_mask_cmp_sd 6095
Intrinsic::x86_avx512_cmp_pd_128 6014
Intrinsic::x86_avx512_cmp_pd_256 6015
Intrinsic::x86_avx512_cmp_pd_512 6016
Intrinsic::x86_avx512_cmp_ps_128 6017
Intrinsic::x86_avx512_cmp_ps_256 6018
Intrinsic::x86_avx512_cmp_ps_512 6019
Intrinsic::x86_avx512_add_ps_512 6007
Intrinsic::x86_avx512_div_ps_512 6044
Intrinsic::x86_avx512_mul_ps_512 6391
Intrinsic::x86_avx512_sub_ps_512 6521
Intrinsic::x86_avx512_add_pd_512 6006
Intrinsic::x86_avx512_div_pd_512 6043
Intrinsic::x86_avx512_mul_pd_512 6390
Intrinsic::x86_avx512_sub_pd_512 6520
Intrinsic::x86_avx512_mask_add_ss_round 6094
Intrinsic::x86_avx512_mask_div_ss_round 6150
Intrinsic::x86_avx512_mask_mul_ss_round 6207
Intrinsic::x86_avx512_mask_sub_ss_round 6371
Intrinsic::x86_avx512_mask_add_sd_round 6093
Intrinsic::x86_avx512_mask_div_sd_round 6149
Intrinsic::x86_avx512_mask_mul_sd_round 6206
Intrinsic::x86_avx512_mask_sub_sd_round 6370
Intrinsic::x86_sse2_psrai_d 6822
Intrinsic::x86_sse2_psrai_w 6823
Intrinsic::x86_avx2_psrai_d 5992
Intrinsic::x86_avx2_psrai_w 5993
Intrinsic::x86_avx512_psrai_q_128 6437
Intrinsic::x86_avx512_psrai_q_256 6438
Intrinsic::x86_avx512_psrai_d_512 6436
Intrinsic::x86_avx512_psrai_q_512 6439
Intrinsic::x86_avx512_psrai_w_512 6440
Intrinsic::x86_sse2_psrli_d 6827
Intrinsic::x86_sse2_psrli_q 6828
Intrinsic::x86_sse2_psrli_w 6829
Intrinsic::x86_avx2_psrli_d 5999
Intrinsic::x86_avx2_psrli_q 6000
Intrinsic::x86_avx2_psrli_w 6001
Intrinsic::x86_avx512_psrli_d_512 6451
Intrinsic::x86_avx512_psrli_q_512 6452
Intrinsic::x86_avx512_psrli_w_512 6453
Intrinsic::x86_sse2_pslli_d 6817
Intrinsic::x86_sse2_pslli_q 6818
Intrinsic::x86_sse2_pslli_w 6819
Intrinsic::x86_avx2_pslli_d 5983
Intrinsic::x86_avx2_pslli_q 5984
Intrinsic::x86_avx2_pslli_w 5985
Intrinsic::x86_avx512_pslli_d_512 6423
Intrinsic::x86_avx512_pslli_q_512 6424
Intrinsic::x86_avx512_pslli_w_512 6425
Intrinsic::x86_sse2_psra_d 6820
Intrinsic::x86_sse2_psra_w 6821
Intrinsic::x86_avx2_psra_d 5990
Intrinsic::x86_avx2_psra_w 5991
Intrinsic::x86_avx512_psra_q_128 6432
Intrinsic::x86_avx512_psra_q_256 6433
Intrinsic::x86_avx512_psra_d_512 6431
Intrinsic::x86_avx512_psra_q_512 6434
Intrinsic::x86_avx512_psra_w_512 6435
Intrinsic::x86_sse2_psrl_d 6824
Intrinsic::x86_sse2_psrl_q 6825
Intrinsic::x86_sse2_psrl_w 6826
Intrinsic::x86_avx2_psrl_d 5996
Intrinsic::x86_avx2_psrl_q 5997
Intrinsic::x86_avx2_psrl_w 5998
Intrinsic::x86_avx512_psrl_d_512 6448
Intrinsic::x86_avx512_psrl_q_512 6449
Intrinsic::x86_avx512_psrl_w_512 6450
Intrinsic::x86_sse2_psll_d 6814
Intrinsic::x86_sse2_psll_q 6815
Intrinsic::x86_sse2_psll_w 6816
Intrinsic::x86_avx2_psll_d 5980
Intrinsic::x86_avx2_psll_q 5981
Intrinsic::x86_avx2_psll_w 5982
Intrinsic::x86_avx512_psll_d_512 6420
Intrinsic::x86_avx512_psll_q_512 6421
Intrinsic::x86_avx512_psll_w_512 6422
Intrinsic::x86_avx2_psllv_d 5986
Intrinsic::x86_avx2_psllv_d_256 5987
Intrinsic::x86_avx2_psllv_q 5988
Intrinsic::x86_avx2_psllv_q_256 5989
Intrinsic::x86_avx512_psllv_d_512 6426
Intrinsic::x86_avx512_psllv_q_512 6427
Intrinsic::x86_avx512_psllv_w_128 6428
Intrinsic::x86_avx512_psllv_w_256 6429
Intrinsic::x86_avx512_psllv_w_512 6430
Intrinsic::x86_avx2_psrav_d 5994
Intrinsic::x86_avx2_psrav_d_256 5995
Intrinsic::x86_avx512_psrav_q_128 6442
Intrinsic::x86_avx512_psrav_q_256 6443
Intrinsic::x86_avx512_psrav_d_512 6441
Intrinsic::x86_avx512_psrav_q_512 6444
Intrinsic::x86_avx512_psrav_w_128 6445
Intrinsic::x86_avx512_psrav_w_256 6446
Intrinsic::x86_avx512_psrav_w_512 6447
Intrinsic::x86_avx2_psrlv_d 6002
Intrinsic::x86_avx2_psrlv_d_256 6003
Intrinsic::x86_avx2_psrlv_q 6004
Intrinsic::x86_avx2_psrlv_q_256 6005
Intrinsic::x86_avx512_psrlv_d_512 6454
Intrinsic::x86_avx512_psrlv_q_512 6455
Intrinsic::x86_avx512_psrlv_w_128 6456
Intrinsic::x86_avx512_psrlv_w_256 6457
Intrinsic::x86_avx512_psrlv_w_512 6458
Intrinsic::x86_sse2_packssdw_128 6803
Intrinsic::x86_sse2_packsswb_128 6804
Intrinsic::x86_avx2_packssdw 5954
Intrinsic::x86_avx2_packsswb 5955
Intrinsic::x86_avx512_packssdw_512 6392
Intrinsic::x86_avx512_packsswb_512 6393
Intrinsic::x86_sse2_packuswb_128 6805
Intrinsic::x86_sse41_packusdw 6851
Intrinsic::x86_avx2_packusdw 5956
Intrinsic::x86_avx2_packuswb 5957
Intrinsic::x86_avx512_packusdw_512 6394
Intrinsic::x86_avx512_packuswb_512 6395
Intrinsic::x86_pclmulqdq 6703
Intrinsic::x86_pclmulqdq_256 6704
Intrinsic::x86_pclmulqdq_512 6705
Intrinsic::x86_sse41_insertps 6849
Intrinsic::x86_sse4a_extrq 6879
Intrinsic::x86_sse4a_extrqi 6880
Intrinsic::x86_sse4a_insertq 6881
Intrinsic::x86_sse4a_insertqi 6882
Intrinsic::x86_sse41_pblendvb 6852
Intrinsic::x86_sse41_blendvps 6846
Intrinsic::x86_sse41_blendvpd 6845
Intrinsic::x86_avx_blendv_ps_256 5876
Intrinsic::x86_avx_blendv_pd_256 5875
Intrinsic::x86_avx2_pblendvb 5960
Intrinsic::x86_ssse3_pshuf_b_128 6903
Intrinsic::x86_avx2_pshuf_b 5976
Intrinsic::x86_avx512_pshuf_b_512 6419
Intrinsic::x86_avx_vpermilvar_ps 5913
Intrinsic::x86_avx_vpermilvar_ps_256 5914
Intrinsic::x86_avx512_vpermilvar_ps_512 6576
Intrinsic::x86_avx_vpermilvar_pd 5911
Intrinsic::x86_avx_vpermilvar_pd_256 5912
Intrinsic::x86_avx512_vpermilvar_pd_512 6575
Intrinsic::x86_avx2_permd 5961
Intrinsic::x86_avx2_permps 5962
Intrinsic::x86_avx512_permvar_df_256 6398
Intrinsic::x86_avx512_permvar_df_512 6399
Intrinsic::x86_avx512_permvar_di_256 6400
Intrinsic::x86_avx512_permvar_di_512 6401
Intrinsic::x86_avx512_permvar_hi_128 6402
Intrinsic::x86_avx512_permvar_hi_256 6403
Intrinsic::x86_avx512_permvar_hi_512 6404
Intrinsic::x86_avx512_permvar_qi_128 6405
Intrinsic::x86_avx512_permvar_qi_256 6406
Intrinsic::x86_avx512_permvar_qi_512 6407
Intrinsic::x86_avx512_permvar_sf_512 6408
Intrinsic::x86_avx512_permvar_si_512 6409
Intrinsic::x86_avx_maskload_ps 5892
Intrinsic::x86_avx_maskload_pd 5890
Intrinsic::x86_avx_maskload_ps_256 5893
Intrinsic::x86_avx_maskload_pd_256 5891
Intrinsic::x86_avx2_maskload_d 5945
Intrinsic::x86_avx2_maskload_q 5947
Intrinsic::x86_avx2_maskload_d_256 5946
Intrinsic::x86_avx2_maskload_q_256 5948
Intrinsic::x86_sse2_maskmov_dqu 6796
Intrinsic::x86_avx_maskstore_ps 5896
Intrinsic::x86_avx_maskstore_pd 5894
Intrinsic::x86_avx_maskstore_ps_256 5897
Intrinsic::x86_avx_maskstore_pd_256 5895
Intrinsic::x86_avx2_maskstore_d 5949
Intrinsic::x86_avx2_maskstore_q 5951
Intrinsic::x86_avx2_maskstore_d_256 5950
Intrinsic::x86_avx2_maskstore_q_256 5952
Intrinsic::x86_addcarry_32 5857
Intrinsic::x86_addcarry_64 5858
Intrinsic::ppc_altivec_vperm 5261
Intrinsic::arm_neon_vld1 1226
Intrinsic::arm_neon_vld2 1230
Intrinsic::arm_neon_vld3 1233
Intrinsic::arm_neon_vld4 1236
Intrinsic::arm_neon_vld2lane 1232
Intrinsic::arm_neon_vld3lane 1235
Intrinsic::arm_neon_vld4lane 1238
Intrinsic::arm_neon_vst1 1301
Intrinsic::arm_neon_vst2 1305
Intrinsic::arm_neon_vst3 1307
Intrinsic::arm_neon_vst4 1309
Intrinsic::arm_neon_vst2lane 1306
Intrinsic::arm_neon_vst3lane 1308
Intrinsic::arm_neon_vst4lane 1310
Intrinsic::arm_neon_vtbl1 1311
Intrinsic::aarch64_neon_tbl1 405
Intrinsic::arm_neon_vmulls 1246
Intrinsic::arm_neon_vmullu 1247
Intrinsic::aarch64_neon_smull 372
Intrinsic::aarch64_neon_umull 426
Intrinsic::arm_neon_aesd 1185
Intrinsic::arm_neon_aese 1186
Intrinsic::aarch64_crypto_aesd 265
Intrinsic::aarch64_crypto_aese 266
Intrinsic::amdgcn_rcp 1074
Intrinsic::amdgcn_rsq 1078
Intrinsic::amdgcn_frexp_mant 540
Intrinsic::amdgcn_frexp_exp 539
Intrinsic::amdgcn_class 495
Intrinsic::amdgcn_cvt_pkrtz 506
Intrinsic::amdgcn_cvt_pknorm_i16 504
Intrinsic::amdgcn_cvt_pknorm_u16 505
Intrinsic::amdgcn_cvt_pk_i16 501
Intrinsic::amdgcn_cvt_pk_u16 502
Intrinsic::amdgcn_ubfe 1131
Intrinsic::amdgcn_sbfe 1101
Intrinsic::amdgcn_exp 530
Intrinsic::amdgcn_exp_compr 531
Intrinsic::amdgcn_fmed3 536
Intrinsic::amdgcn_icmp 543
Intrinsic::amdgcn_fcmp 532
Intrinsic::amdgcn_wqm_vote 1146
Intrinsic::amdgcn_kill 1016
Intrinsic::amdgcn_update_dpp 1136
Intrinsic::amdgcn_readfirstlane 1076
Intrinsic::amdgcn_readlane 1077
Intrinsic::stackrestore 232
Intrinsic::lifetime_start 137
Intrinsic::assume 4
Intrinsic::experimental_gc_relocate 93
Intrinsic::experimental_guard 96
