BISECT: running pass (1) Function Integration/Inlining on SCC (llvm.dbg.declare)
chris-inlineCalls
Inliner visiting SCC: llvm.dbg.declare: 0 call sites.
BISECT: running pass (2) Function Integration/Inlining on SCC (func)
chris-inlineCalls
Inliner visiting SCC: func********
 chris debug1 I: 
  %volatileloadslot = alloca %rec1198
  %l.6 = alloca [3 x i32]
  %volatileloadslot.0..sroa_cast = bitcast %rec1198* %volatileloadslot to i8*
  call void @llvm.lifetime.start.p0i8(i64 4, i8* %volatileloadslot.0..sroa_cast)
  %volatileloadslot.0..sroa_cast1 = bitcast %rec1198* %volatileloadslot to i8*
  call void @llvm.lifetime.end.p0i8(i64 4, i8* %volatileloadslot.0..sroa_cast1)
  %_tmp23 = icmp ne i16 %k.4.par, 0
  br i1 %_tmp23, label %bb1, label %bb2
 *********** 
********
 chris debug1 I: 
bb1:                                              ; preds = %0
  %_tmp28 = getelementptr [3 x i32], [3 x i32]* %l.6, i16 0, i64 0
  store i32 0, i32* %_tmp28
  br label %bb2
 *********** 
********
 chris debug1 I: 
bb2:                                              ; preds = %bb1, %0
  ret void
 *********** 
: 0 call sites.
BISECT: running pass (3) Function Integration/Inlining on SCC (great)
chris-inlineCalls
Inliner visiting SCC: great********
 chris debug1 I: 
  call void @func(i16 0)
  br label %bb1
 *********** 
********
 chris debug1 I: 
bb1:                                              ; preds = %0
  ret i16 0
 *********** 
: 1 call sites.
********
 chris debug2 I:   call void @func(i16 0) *********** 
********
 chris debug5 I:   call void @func(i16 0) *********** 
    Inlining (cost=-25, threshold=337), Call:   call void @func(i16 0)
BISECT: NOT running pass (4) Function Integration/Inlining on SCC (llvm.lifetime.start.p0i8)
BISECT: NOT running pass (5) Function Integration/Inlining on SCC (llvm.lifetime.end.p0i8)
BISECT: NOT running pass (6) Function Integration/Inlining on SCC (llvm.dbg.value)
BISECT: NOT running pass (7) Function Integration/Inlining on SCC (<<null function>>)
