BISECT: running pass (1) Loop Vectorization on function (_Z3fooR1s)

LV: Checking a loop in "_Z3fooR1s" from example.ll:6:1
LV: Loop hints: force=? width=0 unroll=0
*********************
chris-Funcion: 
; Function Attrs: nounwind uwtable
define void @_Z3fooR1s(%struct.s* nocapture readonly dereferenceable(8) %x) #0 !dbg !6 {
entry:
  %a = getelementptr inbounds %struct.s, %struct.s* %x, i64 0, i32 0, !dbg !28
  call void @llvm.dbg.value(metadata double** %a, metadata !9, metadata !DIExpression()), !dbg !28
  %0 = load double*, double** %a, align 8, !dbg !29
  call void @llvm.dbg.value(metadata double* %0, metadata !11, metadata !DIExpression()), !dbg !29
  %ptrint = ptrtoint double* %0 to i64, !dbg !30
  call void @llvm.dbg.value(metadata i64 %ptrint, metadata !12, metadata !DIExpression()), !dbg !30
  %maskedptr = and i64 %ptrint, 31, !dbg !31
  call void @llvm.dbg.value(metadata i64 %maskedptr, metadata !13, metadata !DIExpression()), !dbg !31
  %maskcond = icmp eq i64 %maskedptr, 0, !dbg !32
  call void @llvm.dbg.value(metadata i1 %maskcond, metadata !14, metadata !DIExpression()), !dbg !32
  br label %for.body, !dbg !33

for.body:                                         ; preds = %for.body, %entry
  %indvars.iv = phi i64 [ 0, %entry ], [ %indvars.iv.next.1, %for.body ], !dbg !34
  call void @llvm.dbg.value(metadata i64 %indvars.iv, metadata !16, metadata !DIExpression()), !dbg !34
  tail call void @llvm.assume(i1 %maskcond), !dbg !35
  %arrayidx = getelementptr inbounds double, double* %0, i64 %indvars.iv, !dbg !36
  call void @llvm.dbg.value(metadata double* %arrayidx, metadata !17, metadata !DIExpression()), !dbg !36
  %1 = load double, double* %arrayidx, align 16, !dbg !37
  call void @llvm.dbg.value(metadata double %1, metadata !18, metadata !DIExpression()), !dbg !37
  %add = fadd double %1, 1.000000e+00, !dbg !38
  call void @llvm.dbg.value(metadata double %add, metadata !19, metadata !DIExpression()), !dbg !38
  tail call void @llvm.assume(i1 %maskcond), !dbg !39
  %mul = fmul double %add, 2.000000e+00, !dbg !40
  call void @llvm.dbg.value(metadata double %mul, metadata !20, metadata !DIExpression()), !dbg !40
  store double %mul, double* %arrayidx, align 16, !dbg !41
  %indvars.iv.next = add nuw nsw i64 %indvars.iv, 1, !dbg !42
  call void @llvm.dbg.value(metadata i64 %indvars.iv.next, metadata !21, metadata !DIExpression()), !dbg !42
  tail call void @llvm.assume(i1 %maskcond), !dbg !43
  %arrayidx.1 = getelementptr inbounds double, double* %0, i64 %indvars.iv.next, !dbg !44
  call void @llvm.dbg.value(metadata double* %arrayidx.1, metadata !22, metadata !DIExpression()), !dbg !44
  %2 = load double, double* %arrayidx.1, align 8, !dbg !45
  call void @llvm.dbg.value(metadata double %2, metadata !23, metadata !DIExpression()), !dbg !45
  %add.1 = fadd double %2, 1.000000e+00, !dbg !46
  call void @llvm.dbg.value(metadata double %add.1, metadata !24, metadata !DIExpression()), !dbg !46
  tail call void @llvm.assume(i1 %maskcond), !dbg !47
  %mul.1 = fmul double %add.1, 2.000000e+00, !dbg !48
  call void @llvm.dbg.value(metadata double %mul.1, metadata !25, metadata !DIExpression()), !dbg !48
  store double %mul.1, double* %arrayidx.1, align 8, !dbg !49
  %indvars.iv.next.1 = add nuw nsw i64 %indvars.iv.next, 1, !dbg !50
  call void @llvm.dbg.value(metadata i64 %indvars.iv.next.1, metadata !26, metadata !DIExpression()), !dbg !50
  %exitcond.1 = icmp eq i64 %indvars.iv.next, 1599, !dbg !51
  call void @llvm.dbg.value(metadata i1 %exitcond.1, metadata !27, metadata !DIExpression()), !dbg !51
  br i1 %exitcond.1, label %for.end, label %for.body, !dbg !52

for.end:                                          ; preds = %for.body
  ret void, !dbg !53
}

*********************
LV: Found trip count: 800
LV: The Smallest and Widest types: 64 / 64 bits.
LV: The Widest register safe to use is: 128 bits.
LV: Found uniform instruction:   %exitcond.1 = icmp eq i64 %indvars.iv.next, 1599, !dbg !51
LV: Found uniform instruction:   %arrayidx = getelementptr inbounds double, double* %0, i64 %indvars.iv, !dbg !36
LV: Found uniform instruction:   %arrayidx.1 = getelementptr inbounds double, double* %0, i64 %indvars.iv.next, !dbg !44
LV: Scalarizing:  tail call void @llvm.assume(i1 %maskcond), !dbg !35
LV: Scalarizing:  %arrayidx = getelementptr inbounds double, double* %0, i64 %indvars.iv, !dbg !36
LV: Scalarizing:  %1 = load double, double* %arrayidx, align 16, !dbg !37
LV: Scalarizing:  %add = fadd double %1, 1.000000e+00, !dbg !38
LV: Scalarizing:  tail call void @llvm.assume(i1 %maskcond), !dbg !39
LV: Scalarizing:  %mul = fmul double %add, 2.000000e+00, !dbg !40
LV: Scalarizing:  store double %mul, double* %arrayidx, align 16, !dbg !41
LV: Scalarizing:  %indvars.iv.next = add nuw nsw i64 %indvars.iv, 1, !dbg !42
LV: Scalarizing:  tail call void @llvm.assume(i1 %maskcond), !dbg !43
LV: Scalarizing:  %arrayidx.1 = getelementptr inbounds double, double* %0, i64 %indvars.iv.next, !dbg !44
LV: Scalarizing:  %2 = load double, double* %arrayidx.1, align 8, !dbg !45
LV: Scalarizing:  %add.1 = fadd double %2, 1.000000e+00, !dbg !46
LV: Scalarizing:  tail call void @llvm.assume(i1 %maskcond), !dbg !47
LV: Scalarizing:  %mul.1 = fmul double %add.1, 2.000000e+00, !dbg !48
LV: Scalarizing:  store double %mul.1, double* %arrayidx.1, align 8, !dbg !49
LV: Scalarizing:  tail call void @llvm.assume(i1 %maskcond), !dbg !35
LV: Scalarizing:  %arrayidx = getelementptr inbounds double, double* %0, i64 %indvars.iv, !dbg !36
LV: Scalarizing:  tail call void @llvm.assume(i1 %maskcond), !dbg !39
LV: Scalarizing:  tail call void @llvm.assume(i1 %maskcond), !dbg !43
LV: Scalarizing:  %arrayidx.1 = getelementptr inbounds double, double* %0, i64 %indvars.iv.next, !dbg !44
LV: Scalarizing:  tail call void @llvm.assume(i1 %maskcond), !dbg !47
digraph VPlan {
graph [labelloc=t, fontsize=30; label="Vectorization Plan\nInitial VPlan for VF=\{1\},UF\>=1"]
node [shape=rect, fontname=Courier, fontsize=30]
edge [fontname=Courier, fontsize=30]
compound=true
  N0 [label =
    "for.body:\n" +
      "WIDEN-INDUCTION %indvars.iv = phi 0, %indvars.iv.next.1\l" +
      "CLONE call %maskcond, @llvm.assume\l" +
      "CLONE %arrayidx = getelementptr %0, %indvars.iv\l" +
      "CLONE %1 = load %arrayidx\l" +
      "CLONE %add = fadd %1, 1.000000e+00\l" +
      "CLONE call %maskcond, @llvm.assume\l" +
      "CLONE %mul = fmul %add, 2.000000e+00\l" +
      "CLONE store %mul, %arrayidx\l" +
      "CLONE %indvars.iv.next = add %indvars.iv, 1\l" +
      "CLONE call %maskcond, @llvm.assume\l" +
      "CLONE %arrayidx.1 = getelementptr %0, %indvars.iv.next\l" +
      "CLONE %2 = load %arrayidx.1\l" +
      "CLONE %add.1 = fadd %2, 1.000000e+00\l" +
      "CLONE call %maskcond, @llvm.assume\l" +
      "CLONE %mul.1 = fmul %add.1, 2.000000e+00\l" +
      "CLONE store %mul.1, %arrayidx.1\l"
  ]
}
digraph VPlan {
graph [labelloc=t, fontsize=30; label="Vectorization Plan\nInitial VPlan for VF=\{2\},UF\>=1"]
node [shape=rect, fontname=Courier, fontsize=30]
edge [fontname=Courier, fontsize=30]
compound=true
  N0 [label =
    "for.body:\n" +
      "WIDEN-INDUCTION %indvars.iv = phi 0, %indvars.iv.next.1\l" +
      "REPLICATE call %maskcond, @llvm.assume\l" +
      "CLONE %arrayidx = getelementptr %0, %indvars.iv\l" +
      "INTERLEAVE-GROUP with factor 2 at %1\l" +
      "  %1 = load %arrayidx 0\l" +
      "  %2 = load %arrayidx.1 1\l" +
      "WIDEN\l" +
      "  %add = fadd %1, 1.000000e+00\l" +
      "REPLICATE call %maskcond, @llvm.assume\l" +
      "WIDEN\l" +
      "  %mul = fmul %add, 2.000000e+00\l" +
      "WIDEN\l" +
      "  %indvars.iv.next = add %indvars.iv, 1\l" +
      "REPLICATE call %maskcond, @llvm.assume\l" +
      "CLONE %arrayidx.1 = getelementptr %0, %indvars.iv.next\l" +
      "WIDEN\l" +
      "  %add.1 = fadd %2, 1.000000e+00\l" +
      "REPLICATE call %maskcond, @llvm.assume\l" +
      "WIDEN\l" +
      "  %mul.1 = fmul %add.1, 2.000000e+00\l" +
      "INTERLEAVE-GROUP with factor 2 at <badref>\l" +
      "  store %mul, %arrayidx 0\l" +
      "  store %mul.1, %arrayidx.1 1\l"
  ]
}
LV: Found an estimated cost of 0 for VF 1 For instruction:   %indvars.iv = phi i64 [ 0, %entry ], [ %indvars.iv.next.1, %for.body ], !dbg !34
LV: Found an estimated cost of 0 for VF 1 For instruction:   %arrayidx = getelementptr inbounds double, double* %0, i64 %indvars.iv, !dbg !36
LV: Found an estimated cost of 1 for VF 1 For instruction:   %1 = load double, double* %arrayidx, align 16, !dbg !37
LV: Found an estimated cost of 2 for VF 1 For instruction:   %add = fadd double %1, 1.000000e+00, !dbg !38
LV: Found an estimated cost of 2 for VF 1 For instruction:   %mul = fmul double %add, 2.000000e+00, !dbg !40
LV: Found an estimated cost of 1 for VF 1 For instruction:   store double %mul, double* %arrayidx, align 16, !dbg !41
LV: Found an estimated cost of 1 for VF 1 For instruction:   %indvars.iv.next = add nuw nsw i64 %indvars.iv, 1, !dbg !42
LV: Found an estimated cost of 0 for VF 1 For instruction:   %arrayidx.1 = getelementptr inbounds double, double* %0, i64 %indvars.iv.next, !dbg !44
LV: Found an estimated cost of 1 for VF 1 For instruction:   %2 = load double, double* %arrayidx.1, align 8, !dbg !45
LV: Found an estimated cost of 2 for VF 1 For instruction:   %add.1 = fadd double %2, 1.000000e+00, !dbg !46
LV: Found an estimated cost of 2 for VF 1 For instruction:   %mul.1 = fmul double %add.1, 2.000000e+00, !dbg !48
LV: Found an estimated cost of 1 for VF 1 For instruction:   store double %mul.1, double* %arrayidx.1, align 8, !dbg !49
LV: Found an estimated cost of 1 for VF 1 For instruction:   %indvars.iv.next.1 = add nuw nsw i64 %indvars.iv.next, 1, !dbg !50
LV: Found an estimated cost of 1 for VF 1 For instruction:   %exitcond.1 = icmp eq i64 %indvars.iv.next, 1599, !dbg !51
LV: Found an estimated cost of 0 for VF 1 For instruction:   br i1 %exitcond.1, label %for.end, label %for.body, !dbg !52
LV: Scalar loop costs: 15.
LV: Found an estimated cost of 0 for VF 2 For instruction:   %indvars.iv = phi i64 [ 0, %entry ], [ %indvars.iv.next.1, %for.body ], !dbg !34
LV: Found an estimated cost of 0 for VF 2 For instruction:   %arrayidx = getelementptr inbounds double, double* %0, i64 %indvars.iv, !dbg !36
LV: Found an estimated cost of 6 for VF 2 For instruction:   %1 = load double, double* %arrayidx, align 16, !dbg !37
LV: Found an estimated cost of 2 for VF 2 For instruction:   %add = fadd double %1, 1.000000e+00, !dbg !38
LV: Found an estimated cost of 2 for VF 2 For instruction:   %mul = fmul double %add, 2.000000e+00, !dbg !40
LV: Found an estimated cost of 0 for VF 2 For instruction:   store double %mul, double* %arrayidx, align 16, !dbg !41
LV: Found an estimated cost of 1 for VF 2 For instruction:   %indvars.iv.next = add nuw nsw i64 %indvars.iv, 1, !dbg !42
LV: Found an estimated cost of 0 for VF 2 For instruction:   %arrayidx.1 = getelementptr inbounds double, double* %0, i64 %indvars.iv.next, !dbg !44
LV: Found an estimated cost of 0 for VF 2 For instruction:   %2 = load double, double* %arrayidx.1, align 8, !dbg !45
LV: Found an estimated cost of 2 for VF 2 For instruction:   %add.1 = fadd double %2, 1.000000e+00, !dbg !46
LV: Found an estimated cost of 2 for VF 2 For instruction:   %mul.1 = fmul double %add.1, 2.000000e+00, !dbg !48
LV: Found an estimated cost of 6 for VF 2 For instruction:   store double %mul.1, double* %arrayidx.1, align 8, !dbg !49
LV: Found an estimated cost of 1 for VF 2 For instruction:   %indvars.iv.next.1 = add nuw nsw i64 %indvars.iv.next, 1, !dbg !50
LV: Found an estimated cost of 1 for VF 2 For instruction:   %exitcond.1 = icmp eq i64 %indvars.iv.next, 1599, !dbg !51
LV: Found an estimated cost of 0 for VF 2 For instruction:   br i1 %exitcond.1, label %for.end, label %for.body, !dbg !52
LV: Vector loop of width 2 costs: 11.
LV: Selecting VF: 2.
LV: The target has 16 registers
LV(REG): Calculating max register usage:
LV(REG): At #0 Interval # 0
LV(REG): At #2 Interval # 1
LV(REG): At #3 Interval # 2
LV(REG): At #4 Interval # 3
LV(REG): At #6 Interval # 3
LV(REG): At #8 Interval # 1
LV(REG): At #10 Interval # 1
LV(REG): At #11 Interval # 2
LV(REG): At #12 Interval # 3
LV(REG): At #14 Interval # 3
LV(REG): At #16 Interval # 1
LV(REG): At #17 Interval # 2
LV(REG): VF = 2
LV(REG): Found max usage: 2
LV(REG): Found invariant usage: 2
LV: Loop cost is 23
LV: Not Interleaving.
LV: Interleaving is not beneficial.
LV: Found a vectorizable loop (2) in example.ll:6:1
Setting best plan to VF=2, UF=1
chris-LoopBypassBlocks 2: 
entry:
  %a = getelementptr inbounds %struct.s, %struct.s* %x, i64 0, i32 0, !dbg !28
  call void @llvm.dbg.value(metadata double** %a, metadata !9, metadata !DIExpression()), !dbg !28
  %0 = load double*, double** %a, align 8, !dbg !29
  call void @llvm.dbg.value(metadata double* %0, metadata !11, metadata !DIExpression()), !dbg !29
  %ptrint = ptrtoint double* %0 to i64, !dbg !30
  call void @llvm.dbg.value(metadata i64 %ptrint, metadata !12, metadata !DIExpression()), !dbg !30
  %maskedptr = and i64 %ptrint, 31, !dbg !31
  call void @llvm.dbg.value(metadata i64 %maskedptr, metadata !13, metadata !DIExpression()), !dbg !31
  %maskcond = icmp eq i64 %maskedptr, 0, !dbg !32
  call void @llvm.dbg.value(metadata i1 %maskcond, metadata !14, metadata !DIExpression()), !dbg !32
  br i1 false, label %scalar.ph, label %vector.ph, !dbg !33

######## 
*********************
chris-before BB: 
vector.ph:                                        ; preds = %entry
  br label %vector.body, !dbg !33

*********************
chris-expandCodeForPredicate:in: IP:  br label %vector.body, !dbg !33
union
chris-expandUnionPredicate in:   br label %vector.body, !dbg !33
chris-expandCodeForPredicate:in: IP:  br label %vector.body, !dbg !33
wrap
chris-expandWrapPredicate in:   br label %vector.body, !dbg !33
chris-InsertNoopCastOfTo: I:   %scevgep = getelementptr double, double* %0, i64 1, !dbg !33
chris-findInsertPointAfter I: <<   %scevgep = getelementptr double, double* %0, i64 1, !dbg !33
chris:IP   br label %vector.body, !dbg !33
chris 2 IP   br label %vector.body, !dbg !33
chris-Builder.SetInsertPoint(Loc): in:   br label %vector.body, !dbg !33
chris-Builder.SetInsertPoint(Loc): out:   br label %vector.body, !dbg !33
chris-expandWrapPredicate out1:   br label %vector.body, !dbg !33
chris-expandWrapPredicate out2:   br label %vector.body, !dbg !33
chris-expandWrapPredicate out3:   br label %vector.body, !dbg !33
chris-Builder.SetInsertPoint: in:   br label %vector.body, !dbg !33
chris-Builder.SetInsertPoint: out:   br label %vector.body, !dbg !33
chris-Builder.SetInsertPoint: out2:   br label %vector.body, !dbg !33
chris-expandCodeForPredicate:in: IP:  br label %vector.body, !dbg !33
wrap
chris-expandWrapPredicate in:   br label %vector.body, !dbg !33
chris-InsertNoopCastOfTo: I:   %0 = load double*, double** %a, align 8, !dbg !29
chris-findInsertPointAfter I: <<   %0 = load double*, double** %a, align 8, !dbg !29
chris:IP   %ptrint = ptrtoint double* %0 to i64, !dbg !30
chris 2 IP   %ptrint = ptrtoint double* %0 to i64, !dbg !30
chris-Builder.SetInsertPoint(Loc): in:   br label %vector.body, !dbg !33
chris-Builder.SetInsertPoint(Loc): out:   br label %vector.body, !dbg !33
chris-expandWrapPredicate out1:   br label %vector.body, !dbg !33
chris-expandWrapPredicate out2:   br label %vector.body, !dbg !33
chris-expandWrapPredicate out3:   br label %vector.body, !dbg !33
chris-Builder.SetInsertPoint: in:   br label %vector.body, !dbg !33
chris-Builder.SetInsertPoint: out:   br label %vector.body, !dbg !33
chris-Builder.SetInsertPoint: out2:   br label %vector.body, !dbg !33
chris-expandUnionPredicate out:   br label %vector.body, !dbg !33
*********************
chris-after: 
vector.ph:                                        ; preds = %entry
  %scevgep = getelementptr double, double* %0, i64 1, !dbg !33
  %scevgep1 = ptrtoint double* %scevgep to i64
  %mul2 = call { i64, i1 } @llvm.umul.with.overflow.i64(i64 16, i64 799), !dbg !33
  %mul.result = extractvalue { i64, i1 } %mul2, 0, !dbg !33
  %mul.overflow = extractvalue { i64, i1 } %mul2, 1, !dbg !33
  %1 = add i64 %scevgep1, %mul.result, !dbg !33
  %2 = sub i64 %scevgep1, %mul.result, !dbg !33
  %3 = icmp ugt i64 %2, %scevgep1, !dbg !33
  %4 = icmp ult i64 %1, %scevgep1, !dbg !33
  %5 = select i1 false, i1 %3, i1 %4, !dbg !33
  %6 = or i1 %5, %mul.overflow, !dbg !33
  %7 = or i1 false, %6, !dbg !33
  %mul3 = call { i64, i1 } @llvm.umul.with.overflow.i64(i64 16, i64 799), !dbg !33
  %mul.result4 = extractvalue { i64, i1 } %mul3, 0, !dbg !33
  %mul.overflow5 = extractvalue { i64, i1 } %mul3, 1, !dbg !33
  %8 = add i64 %ptrint, %mul.result4, !dbg !33
  %9 = sub i64 %ptrint, %mul.result4, !dbg !33
  %10 = icmp ugt i64 %9, %ptrint, !dbg !33
  %11 = icmp ult i64 %8, %ptrint, !dbg !33
  %12 = select i1 false, i1 %10, i1 %11, !dbg !33
  %13 = or i1 %12, %mul.overflow5, !dbg !33
  %14 = or i1 %7, %13, !dbg !33
  br label %vector.body, !dbg !33

*********************
chris-LoopBypassBlocks 3: 
entry:
  %a = getelementptr inbounds %struct.s, %struct.s* %x, i64 0, i32 0, !dbg !28
  call void @llvm.dbg.value(metadata double** %a, metadata !9, metadata !DIExpression()), !dbg !28
  %0 = load double*, double** %a, align 8, !dbg !29
  call void @llvm.dbg.value(metadata double* %0, metadata !11, metadata !DIExpression()), !dbg !29
  %ptrint = ptrtoint double* %0 to i64, !dbg !30
  call void @llvm.dbg.value(metadata i64 %ptrint, metadata !12, metadata !DIExpression()), !dbg !30
  %maskedptr = and i64 %ptrint, 31, !dbg !31
  call void @llvm.dbg.value(metadata i64 %maskedptr, metadata !13, metadata !DIExpression()), !dbg !31
  %maskcond = icmp eq i64 %maskedptr, 0, !dbg !32
  call void @llvm.dbg.value(metadata i1 %maskcond, metadata !14, metadata !DIExpression()), !dbg !32
  br i1 false, label %scalar.ph, label %vector.ph, !dbg !33

######## 
chris-LoopBypassBlocks 8: 
entry:
  %a = getelementptr inbounds %struct.s, %struct.s* %x, i64 0, i32 0, !dbg !28
  call void @llvm.dbg.value(metadata double** %a, metadata !9, metadata !DIExpression()), !dbg !28
  %0 = load double*, double** %a, align 8, !dbg !29
  call void @llvm.dbg.value(metadata double* %0, metadata !11, metadata !DIExpression()), !dbg !29
  %ptrint = ptrtoint double* %0 to i64, !dbg !30
  call void @llvm.dbg.value(metadata i64 %ptrint, metadata !12, metadata !DIExpression()), !dbg !30
  %maskedptr = and i64 %ptrint, 31, !dbg !31
  call void @llvm.dbg.value(metadata i64 %maskedptr, metadata !13, metadata !DIExpression()), !dbg !31
  %maskcond = icmp eq i64 %maskedptr, 0, !dbg !32
  call void @llvm.dbg.value(metadata i1 %maskcond, metadata !14, metadata !DIExpression()), !dbg !32
  br i1 false, label %scalar.ph, label %vector.scevcheck, !dbg !33

######## 
chris-LoopBypassBlocks 8: 
vector.scevcheck:                                 ; preds = %entry
  %scevgep = getelementptr double, double* %0, i64 1, !dbg !33
  %scevgep1 = ptrtoint double* %scevgep to i64
  %mul2 = call { i64, i1 } @llvm.umul.with.overflow.i64(i64 16, i64 799), !dbg !33
  %mul.result = extractvalue { i64, i1 } %mul2, 0, !dbg !33
  %mul.overflow = extractvalue { i64, i1 } %mul2, 1, !dbg !33
  %1 = add i64 %scevgep1, %mul.result, !dbg !33
  %2 = sub i64 %scevgep1, %mul.result, !dbg !33
  %3 = icmp ugt i64 %2, %scevgep1, !dbg !33
  %4 = icmp ult i64 %1, %scevgep1, !dbg !33
  %5 = select i1 false, i1 %3, i1 %4, !dbg !33
  %6 = or i1 %5, %mul.overflow, !dbg !33
  %7 = or i1 false, %6, !dbg !33
  %mul3 = call { i64, i1 } @llvm.umul.with.overflow.i64(i64 16, i64 799), !dbg !33
  %mul.result4 = extractvalue { i64, i1 } %mul3, 0, !dbg !33
  %mul.overflow5 = extractvalue { i64, i1 } %mul3, 1, !dbg !33
  %8 = add i64 %ptrint, %mul.result4, !dbg !33
  %9 = sub i64 %ptrint, %mul.result4, !dbg !33
  %10 = icmp ugt i64 %9, %ptrint, !dbg !33
  %11 = icmp ult i64 %8, %ptrint, !dbg !33
  %12 = select i1 false, i1 %10, i1 %11, !dbg !33
  %13 = or i1 %12, %mul.overflow5, !dbg !33
  %14 = or i1 %7, %13, !dbg !33
  br i1 %14, label %scalar.ph, label %vector.ph, !dbg !33

######## 
chrisDebugify: F:
; Function Attrs: nounwind uwtable
define void @_Z3fooR1s(%struct.s* nocapture readonly dereferenceable(8) %x) #0 !dbg !6 {
entry:
  %a = getelementptr inbounds %struct.s, %struct.s* %x, i64 0, i32 0, !dbg !28
  call void @llvm.dbg.value(metadata double** %a, metadata !9, metadata !DIExpression()), !dbg !28
  %0 = load double*, double** %a, align 8, !dbg !29
  call void @llvm.dbg.value(metadata double* %0, metadata !11, metadata !DIExpression()), !dbg !29
  %ptrint = ptrtoint double* %0 to i64, !dbg !30
  call void @llvm.dbg.value(metadata i64 %ptrint, metadata !12, metadata !DIExpression()), !dbg !30
  %maskedptr = and i64 %ptrint, 31, !dbg !31
  call void @llvm.dbg.value(metadata i64 %maskedptr, metadata !13, metadata !DIExpression()), !dbg !31
  %maskcond = icmp eq i64 %maskedptr, 0, !dbg !32
  call void @llvm.dbg.value(metadata i1 %maskcond, metadata !14, metadata !DIExpression()), !dbg !32
  br i1 false, label %scalar.ph, label %vector.scevcheck, !dbg !33

vector.scevcheck:                                 ; preds = %entry
  %scevgep = getelementptr double, double* %0, i64 1, !dbg !33
  %scevgep1 = ptrtoint double* %scevgep to i64
  %mul2 = call { i64, i1 } @llvm.umul.with.overflow.i64(i64 16, i64 799), !dbg !33
  %mul.result = extractvalue { i64, i1 } %mul2, 0, !dbg !33
  %mul.overflow = extractvalue { i64, i1 } %mul2, 1, !dbg !33
  %1 = add i64 %scevgep1, %mul.result, !dbg !33
  %2 = sub i64 %scevgep1, %mul.result, !dbg !33
  %3 = icmp ugt i64 %2, %scevgep1, !dbg !33
  %4 = icmp ult i64 %1, %scevgep1, !dbg !33
  %5 = select i1 false, i1 %3, i1 %4, !dbg !33
  %6 = or i1 %5, %mul.overflow, !dbg !33
  %7 = or i1 false, %6, !dbg !33
  %mul3 = call { i64, i1 } @llvm.umul.with.overflow.i64(i64 16, i64 799), !dbg !33
  %mul.result4 = extractvalue { i64, i1 } %mul3, 0, !dbg !33
  %mul.overflow5 = extractvalue { i64, i1 } %mul3, 1, !dbg !33
  %8 = add i64 %ptrint, %mul.result4, !dbg !33
  %9 = sub i64 %ptrint, %mul.result4, !dbg !33
  %10 = icmp ugt i64 %9, %ptrint, !dbg !33
  %11 = icmp ult i64 %8, %ptrint, !dbg !33
  %12 = select i1 false, i1 %10, i1 %11, !dbg !33
  %13 = or i1 %12, %mul.overflow5, !dbg !33
  %14 = or i1 %7, %13, !dbg !33
  br i1 %14, label %scalar.ph, label %vector.ph, !dbg !33

vector.ph:                                        ; preds = %vector.scevcheck
  br label %vector.body, !dbg !33

vector.body:                                      ; preds = %vector.body, %vector.ph
  %index = phi i64 [ 0, %vector.ph ], [ %index.next, %vector.body ]
  %vec.ind = phi <2 x i64> [ <i64 0, i64 2>, %vector.ph ], [ %vec.ind.next, %vector.body ], !dbg !34
  %offset.idx = mul i64 %index, 2
  %15 = add i64 %offset.idx, 0
  %16 = add i64 %offset.idx, 2
  tail call void @llvm.assume(i1 %maskcond), !dbg !35
  tail call void @llvm.assume(i1 %maskcond), !dbg !35
  %17 = getelementptr inbounds double, double* %0, i64 %15, !dbg !36
  %18 = getelementptr inbounds double, double* %17, i32 0, !dbg !36
  %19 = bitcast double* %18 to <4 x double>*, !dbg !36
  %wide.vec = load <4 x double>, <4 x double>* %19, align 8, !dbg !37
  %strided.vec = shufflevector <4 x double> %wide.vec, <4 x double> undef, <2 x i32> <i32 0, i32 2>, !dbg !37
  %strided.vec6 = shufflevector <4 x double> %wide.vec, <4 x double> undef, <2 x i32> <i32 1, i32 3>, !dbg !37
  %20 = fadd <2 x double> %strided.vec, <double 1.000000e+00, double 1.000000e+00>, !dbg !38
  tail call void @llvm.assume(i1 %maskcond), !dbg !39
  tail call void @llvm.assume(i1 %maskcond), !dbg !39
  %21 = fmul <2 x double> %20, <double 2.000000e+00, double 2.000000e+00>, !dbg !40
  %22 = add nuw nsw <2 x i64> %vec.ind, <i64 1, i64 1>, !dbg !41
  tail call void @llvm.assume(i1 %maskcond), !dbg !42
  tail call void @llvm.assume(i1 %maskcond), !dbg !42
  %23 = extractelement <2 x i64> %22, i32 0, !dbg !43
  %24 = getelementptr inbounds double, double* %0, i64 %23, !dbg !43
  %25 = fadd <2 x double> %strided.vec6, <double 1.000000e+00, double 1.000000e+00>, !dbg !44
  tail call void @llvm.assume(i1 %maskcond), !dbg !45
  tail call void @llvm.assume(i1 %maskcond), !dbg !45
  %26 = fmul <2 x double> %25, <double 2.000000e+00, double 2.000000e+00>, !dbg !46
  %27 = getelementptr inbounds double, double* %24, i32 -1, !dbg !43
  %28 = bitcast double* %27 to <4 x double>*, !dbg !43
  %29 = shufflevector <2 x double> %21, <2 x double> %26, <4 x i32> <i32 0, i32 1, i32 2, i32 3>, !dbg !47
  %interleaved.vec = shufflevector <4 x double> %29, <4 x double> undef, <4 x i32> <i32 0, i32 2, i32 1, i32 3>, !dbg !47
  store <4 x double> %interleaved.vec, <4 x double>* %28, align 8, !dbg !47
  %index.next = add i64 %index, 2
  %vec.ind.next = add <2 x i64> %vec.ind, <i64 4, i64 4>, !dbg !34
  %30 = icmp eq i64 %index.next, 800
  br i1 %30, label %middle.block, label %vector.body, !llvm.loop !48

middle.block:                                     ; preds = %vector.body
  %cmp.n = icmp eq i64 800, 800, !dbg !50
  br i1 %cmp.n, label %for.end, label %scalar.ph, !dbg !50

scalar.ph:                                        ; preds = %middle.block, %vector.scevcheck, %entry
  %bc.resume.val = phi i64 [ 1600, %middle.block ], [ 0, %entry ], [ 0, %vector.scevcheck ], !dbg !34
  br label %for.body, !dbg !33

for.body:                                         ; preds = %for.body, %scalar.ph
  %indvars.iv = phi i64 [ %bc.resume.val, %scalar.ph ], [ %indvars.iv.next.1, %for.body ], !dbg !34
  call void @llvm.dbg.value(metadata i64 %indvars.iv, metadata !16, metadata !DIExpression()), !dbg !34
  tail call void @llvm.assume(i1 %maskcond), !dbg !35
  %arrayidx = getelementptr inbounds double, double* %0, i64 %indvars.iv, !dbg !36
  call void @llvm.dbg.value(metadata double* %arrayidx, metadata !17, metadata !DIExpression()), !dbg !36
  %31 = load double, double* %arrayidx, align 16, !dbg !37
  call void @llvm.dbg.value(metadata double %31, metadata !18, metadata !DIExpression()), !dbg !37
  %add = fadd double %31, 1.000000e+00, !dbg !38
  call void @llvm.dbg.value(metadata double %add, metadata !19, metadata !DIExpression()), !dbg !38
  tail call void @llvm.assume(i1 %maskcond), !dbg !39
  %mul = fmul double %add, 2.000000e+00, !dbg !40
  call void @llvm.dbg.value(metadata double %mul, metadata !20, metadata !DIExpression()), !dbg !40
  store double %mul, double* %arrayidx, align 16, !dbg !51
  %indvars.iv.next = add nuw nsw i64 %indvars.iv, 1, !dbg !41
  call void @llvm.dbg.value(metadata i64 %indvars.iv.next, metadata !21, metadata !DIExpression()), !dbg !41
  tail call void @llvm.assume(i1 %maskcond), !dbg !42
  %arrayidx.1 = getelementptr inbounds double, double* %0, i64 %indvars.iv.next, !dbg !43
  call void @llvm.dbg.value(metadata double* %arrayidx.1, metadata !22, metadata !DIExpression()), !dbg !43
  %32 = load double, double* %arrayidx.1, align 8, !dbg !52
  call void @llvm.dbg.value(metadata double %32, metadata !23, metadata !DIExpression()), !dbg !52
  %add.1 = fadd double %32, 1.000000e+00, !dbg !44
  call void @llvm.dbg.value(metadata double %add.1, metadata !24, metadata !DIExpression()), !dbg !44
  tail call void @llvm.assume(i1 %maskcond), !dbg !45
  %mul.1 = fmul double %add.1, 2.000000e+00, !dbg !46
  call void @llvm.dbg.value(metadata double %mul.1, metadata !25, metadata !DIExpression()), !dbg !46
  store double %mul.1, double* %arrayidx.1, align 8, !dbg !47
  %indvars.iv.next.1 = add nuw nsw i64 %indvars.iv.next, 1, !dbg !53
  call void @llvm.dbg.value(metadata i64 %indvars.iv.next.1, metadata !26, metadata !DIExpression()), !dbg !53
  %exitcond.1 = icmp eq i64 %indvars.iv.next, 1599, !dbg !54
  call void @llvm.dbg.value(metadata i1 %exitcond.1, metadata !27, metadata !DIExpression()), !dbg !54
  br i1 %exitcond.1, label %for.end, label %for.body, !dbg !50, !llvm.loop !55

for.end:                                          ; preds = %middle.block, %for.body
  ret void, !dbg !56
}

ERROR: Instruction with empty DebugLoc in function _Z3fooR1s --  %scevgep1 = ptrtoint double* %scevgep to i64
ERROR: Instruction with empty DebugLoc in function _Z3fooR1s --  %index = phi i64 [ 0, %vector.ph ], [ %index.next, %vector.body ]
ERROR: Instruction with empty DebugLoc in function _Z3fooR1s --  %offset.idx = mul i64 %index, 2
ERROR: Instruction with empty DebugLoc in function _Z3fooR1s --  %15 = add i64 %offset.idx, 0
ERROR: Instruction with empty DebugLoc in function _Z3fooR1s --  %16 = add i64 %offset.idx, 2
ERROR: Instruction with empty DebugLoc in function _Z3fooR1s --  %index.next = add i64 %index, 2
ERROR: Instruction with empty DebugLoc in function _Z3fooR1s --  %30 = icmp eq i64 %index.next, 800
ERROR: Instruction with empty DebugLoc in function _Z3fooR1s --  br i1 %30, label %middle.block, label %vector.body, !llvm.loop !48
CheckFunctionDebugify [Loop Vectorization]: FAIL
chrisDebugify: F:
; Function Attrs: nounwind uwtable
define void @_Z3fooR1s(%struct.s* nocapture readonly dereferenceable(8) %x) #0 !dbg !6 {
entry:
  %a = getelementptr inbounds %struct.s, %struct.s* %x, i64 0, i32 0, !dbg !79
  call void @llvm.dbg.value(metadata double** %a, metadata !9, metadata !DIExpression()), !dbg !79
  %0 = load double*, double** %a, align 8, !dbg !80
  call void @llvm.dbg.value(metadata double* %0, metadata !11, metadata !DIExpression()), !dbg !80
  %ptrint = ptrtoint double* %0 to i64, !dbg !81
  call void @llvm.dbg.value(metadata i64 %ptrint, metadata !12, metadata !DIExpression()), !dbg !81
  %maskedptr = and i64 %ptrint, 31, !dbg !82
  call void @llvm.dbg.value(metadata i64 %maskedptr, metadata !13, metadata !DIExpression()), !dbg !82
  %maskcond = icmp eq i64 %maskedptr, 0, !dbg !83
  call void @llvm.dbg.value(metadata i1 %maskcond, metadata !14, metadata !DIExpression()), !dbg !83
  br i1 false, label %scalar.ph, label %vector.scevcheck, !dbg !84

vector.scevcheck:                                 ; preds = %entry
  %scevgep = getelementptr double, double* %0, i64 1, !dbg !85
  call void @llvm.dbg.value(metadata double* %scevgep, metadata !16, metadata !DIExpression()), !dbg !85
  %scevgep1 = ptrtoint double* %scevgep to i64, !dbg !86
  call void @llvm.dbg.value(metadata i64 %scevgep1, metadata !17, metadata !DIExpression()), !dbg !86
  %mul2 = call { i64, i1 } @llvm.umul.with.overflow.i64(i64 16, i64 799), !dbg !87
  call void @llvm.dbg.value(metadata { i64, i1 } %mul2, metadata !18, metadata !DIExpression()), !dbg !87
  %mul.result = extractvalue { i64, i1 } %mul2, 0, !dbg !88
  call void @llvm.dbg.value(metadata i64 %mul.result, metadata !20, metadata !DIExpression()), !dbg !88
  %mul.overflow = extractvalue { i64, i1 } %mul2, 1, !dbg !89
  call void @llvm.dbg.value(metadata i1 %mul.overflow, metadata !21, metadata !DIExpression()), !dbg !89
  %1 = add i64 %scevgep1, %mul.result, !dbg !90
  call void @llvm.dbg.value(metadata i64 %1, metadata !22, metadata !DIExpression()), !dbg !90
  %2 = sub i64 %scevgep1, %mul.result, !dbg !91
  call void @llvm.dbg.value(metadata i64 %2, metadata !23, metadata !DIExpression()), !dbg !91
  %3 = icmp ugt i64 %2, %scevgep1, !dbg !92
  call void @llvm.dbg.value(metadata i1 %3, metadata !24, metadata !DIExpression()), !dbg !92
  %4 = icmp ult i64 %1, %scevgep1, !dbg !93
  call void @llvm.dbg.value(metadata i1 %4, metadata !25, metadata !DIExpression()), !dbg !93
  %5 = select i1 false, i1 %3, i1 %4, !dbg !94
  call void @llvm.dbg.value(metadata i1 %5, metadata !26, metadata !DIExpression()), !dbg !94
  %6 = or i1 %5, %mul.overflow, !dbg !95
  call void @llvm.dbg.value(metadata i1 %6, metadata !27, metadata !DIExpression()), !dbg !95
  %7 = or i1 false, %6, !dbg !96
  call void @llvm.dbg.value(metadata i1 %7, metadata !28, metadata !DIExpression()), !dbg !96
  %mul3 = call { i64, i1 } @llvm.umul.with.overflow.i64(i64 16, i64 799), !dbg !97
  call void @llvm.dbg.value(metadata { i64, i1 } %mul3, metadata !29, metadata !DIExpression()), !dbg !97
  %mul.result4 = extractvalue { i64, i1 } %mul3, 0, !dbg !98
  call void @llvm.dbg.value(metadata i64 %mul.result4, metadata !30, metadata !DIExpression()), !dbg !98
  %mul.overflow5 = extractvalue { i64, i1 } %mul3, 1, !dbg !99
  call void @llvm.dbg.value(metadata i1 %mul.overflow5, metadata !31, metadata !DIExpression()), !dbg !99
  %8 = add i64 %ptrint, %mul.result4, !dbg !100
  call void @llvm.dbg.value(metadata i64 %8, metadata !32, metadata !DIExpression()), !dbg !100
  %9 = sub i64 %ptrint, %mul.result4, !dbg !101
  call void @llvm.dbg.value(metadata i64 %9, metadata !33, metadata !DIExpression()), !dbg !101
  %10 = icmp ugt i64 %9, %ptrint, !dbg !102
  call void @llvm.dbg.value(metadata i1 %10, metadata !34, metadata !DIExpression()), !dbg !102
  %11 = icmp ult i64 %8, %ptrint, !dbg !103
  call void @llvm.dbg.value(metadata i1 %11, metadata !35, metadata !DIExpression()), !dbg !103
  %12 = select i1 false, i1 %10, i1 %11, !dbg !104
  call void @llvm.dbg.value(metadata i1 %12, metadata !36, metadata !DIExpression()), !dbg !104
  %13 = or i1 %12, %mul.overflow5, !dbg !105
  call void @llvm.dbg.value(metadata i1 %13, metadata !37, metadata !DIExpression()), !dbg !105
  %14 = or i1 %7, %13, !dbg !106
  call void @llvm.dbg.value(metadata i1 %14, metadata !38, metadata !DIExpression()), !dbg !106
  br i1 %14, label %scalar.ph, label %vector.ph, !dbg !107

vector.ph:                                        ; preds = %vector.scevcheck
  br label %vector.body, !dbg !108

vector.body:                                      ; preds = %vector.body, %vector.ph
  %index = phi i64 [ 0, %vector.ph ], [ %index.next, %vector.body ], !dbg !109
  %vec.ind = phi <2 x i64> [ <i64 0, i64 2>, %vector.ph ], [ %vec.ind.next, %vector.body ], !dbg !110
  call void @llvm.dbg.value(metadata i64 %index, metadata !39, metadata !DIExpression()), !dbg !109
  call void @llvm.dbg.value(metadata <2 x i64> %vec.ind, metadata !40, metadata !DIExpression()), !dbg !110
  %offset.idx = mul i64 %index, 2, !dbg !111
  call void @llvm.dbg.value(metadata i64 %offset.idx, metadata !41, metadata !DIExpression()), !dbg !111
  %15 = add i64 %offset.idx, 0, !dbg !112
  call void @llvm.dbg.value(metadata i64 %15, metadata !42, metadata !DIExpression()), !dbg !112
  %16 = add i64 %offset.idx, 2, !dbg !113
  call void @llvm.dbg.value(metadata i64 %16, metadata !43, metadata !DIExpression()), !dbg !113
  tail call void @llvm.assume(i1 %maskcond), !dbg !114
  tail call void @llvm.assume(i1 %maskcond), !dbg !115
  %17 = getelementptr inbounds double, double* %0, i64 %15, !dbg !116
  call void @llvm.dbg.value(metadata double* %17, metadata !44, metadata !DIExpression()), !dbg !116
  %18 = getelementptr inbounds double, double* %17, i32 0, !dbg !117
  call void @llvm.dbg.value(metadata double* %18, metadata !45, metadata !DIExpression()), !dbg !117
  %19 = bitcast double* %18 to <4 x double>*, !dbg !118
  call void @llvm.dbg.value(metadata <4 x double>* %19, metadata !46, metadata !DIExpression()), !dbg !118
  %wide.vec = load <4 x double>, <4 x double>* %19, align 8, !dbg !119
  call void @llvm.dbg.value(metadata <4 x double> %wide.vec, metadata !47, metadata !DIExpression()), !dbg !119
  %strided.vec = shufflevector <4 x double> %wide.vec, <4 x double> undef, <2 x i32> <i32 0, i32 2>, !dbg !120
  call void @llvm.dbg.value(metadata <2 x double> %strided.vec, metadata !49, metadata !DIExpression()), !dbg !120
  %strided.vec6 = shufflevector <4 x double> %wide.vec, <4 x double> undef, <2 x i32> <i32 1, i32 3>, !dbg !121
  call void @llvm.dbg.value(metadata <2 x double> %strided.vec6, metadata !50, metadata !DIExpression()), !dbg !121
  %20 = fadd <2 x double> %strided.vec, <double 1.000000e+00, double 1.000000e+00>, !dbg !122
  call void @llvm.dbg.value(metadata <2 x double> %20, metadata !51, metadata !DIExpression()), !dbg !122
  tail call void @llvm.assume(i1 %maskcond), !dbg !123
  tail call void @llvm.assume(i1 %maskcond), !dbg !124
  %21 = fmul <2 x double> %20, <double 2.000000e+00, double 2.000000e+00>, !dbg !125
  call void @llvm.dbg.value(metadata <2 x double> %21, metadata !52, metadata !DIExpression()), !dbg !125
  %22 = add nuw nsw <2 x i64> %vec.ind, <i64 1, i64 1>, !dbg !126
  call void @llvm.dbg.value(metadata <2 x i64> %22, metadata !53, metadata !DIExpression()), !dbg !126
  tail call void @llvm.assume(i1 %maskcond), !dbg !127
  tail call void @llvm.assume(i1 %maskcond), !dbg !128
  %23 = extractelement <2 x i64> %22, i32 0, !dbg !129
  call void @llvm.dbg.value(metadata i64 %23, metadata !54, metadata !DIExpression()), !dbg !129
  %24 = getelementptr inbounds double, double* %0, i64 %23, !dbg !130
  call void @llvm.dbg.value(metadata double* %24, metadata !55, metadata !DIExpression()), !dbg !130
  %25 = fadd <2 x double> %strided.vec6, <double 1.000000e+00, double 1.000000e+00>, !dbg !131
  call void @llvm.dbg.value(metadata <2 x double> %25, metadata !56, metadata !DIExpression()), !dbg !131
  tail call void @llvm.assume(i1 %maskcond), !dbg !132
  tail call void @llvm.assume(i1 %maskcond), !dbg !133
  %26 = fmul <2 x double> %25, <double 2.000000e+00, double 2.000000e+00>, !dbg !134
  call void @llvm.dbg.value(metadata <2 x double> %26, metadata !57, metadata !DIExpression()), !dbg !134
  %27 = getelementptr inbounds double, double* %24, i32 -1, !dbg !135
  call void @llvm.dbg.value(metadata double* %27, metadata !58, metadata !DIExpression()), !dbg !135
  %28 = bitcast double* %27 to <4 x double>*, !dbg !136
  call void @llvm.dbg.value(metadata <4 x double>* %28, metadata !59, metadata !DIExpression()), !dbg !136
  %29 = shufflevector <2 x double> %21, <2 x double> %26, <4 x i32> <i32 0, i32 1, i32 2, i32 3>, !dbg !137
  call void @llvm.dbg.value(metadata <4 x double> %29, metadata !60, metadata !DIExpression()), !dbg !137
  %interleaved.vec = shufflevector <4 x double> %29, <4 x double> undef, <4 x i32> <i32 0, i32 2, i32 1, i32 3>, !dbg !138
  call void @llvm.dbg.value(metadata <4 x double> %interleaved.vec, metadata !61, metadata !DIExpression()), !dbg !138
  store <4 x double> %interleaved.vec, <4 x double>* %28, align 8, !dbg !139
  %index.next = add i64 %index, 2, !dbg !140
  call void @llvm.dbg.value(metadata i64 %index.next, metadata !62, metadata !DIExpression()), !dbg !140
  %vec.ind.next = add <2 x i64> %vec.ind, <i64 4, i64 4>, !dbg !141
  call void @llvm.dbg.value(metadata <2 x i64> %vec.ind.next, metadata !63, metadata !DIExpression()), !dbg !141
  %30 = icmp eq i64 %index.next, 800, !dbg !142
  call void @llvm.dbg.value(metadata i1 %30, metadata !64, metadata !DIExpression()), !dbg !142
  br i1 %30, label %middle.block, label %vector.body, !dbg !143, !llvm.loop !144

middle.block:                                     ; preds = %vector.body
  %cmp.n = icmp eq i64 800, 800, !dbg !146
  call void @llvm.dbg.value(metadata i1 %cmp.n, metadata !65, metadata !DIExpression()), !dbg !146
  br i1 %cmp.n, label %for.end, label %scalar.ph, !dbg !147

scalar.ph:                                        ; preds = %middle.block, %vector.scevcheck, %entry
  %bc.resume.val = phi i64 [ 1600, %middle.block ], [ 0, %entry ], [ 0, %vector.scevcheck ], !dbg !148
  call void @llvm.dbg.value(metadata i64 %bc.resume.val, metadata !66, metadata !DIExpression()), !dbg !148
  br label %for.body, !dbg !149

for.body:                                         ; preds = %for.body, %scalar.ph
  %indvars.iv = phi i64 [ %bc.resume.val, %scalar.ph ], [ %indvars.iv.next.1, %for.body ], !dbg !150
  call void @llvm.dbg.value(metadata i64 %indvars.iv, metadata !67, metadata !DIExpression()), !dbg !150
  tail call void @llvm.assume(i1 %maskcond), !dbg !151
  %arrayidx = getelementptr inbounds double, double* %0, i64 %indvars.iv, !dbg !152
  call void @llvm.dbg.value(metadata double* %arrayidx, metadata !68, metadata !DIExpression()), !dbg !152
  %31 = load double, double* %arrayidx, align 16, !dbg !153
  call void @llvm.dbg.value(metadata double %31, metadata !69, metadata !DIExpression()), !dbg !153
  %add = fadd double %31, 1.000000e+00, !dbg !154
  call void @llvm.dbg.value(metadata double %add, metadata !70, metadata !DIExpression()), !dbg !154
  tail call void @llvm.assume(i1 %maskcond), !dbg !155
  %mul = fmul double %add, 2.000000e+00, !dbg !156
  call void @llvm.dbg.value(metadata double %mul, metadata !71, metadata !DIExpression()), !dbg !156
  store double %mul, double* %arrayidx, align 16, !dbg !157
  %indvars.iv.next = add nuw nsw i64 %indvars.iv, 1, !dbg !158
  call void @llvm.dbg.value(metadata i64 %indvars.iv.next, metadata !72, metadata !DIExpression()), !dbg !158
  tail call void @llvm.assume(i1 %maskcond), !dbg !159
  %arrayidx.1 = getelementptr inbounds double, double* %0, i64 %indvars.iv.next, !dbg !160
  call void @llvm.dbg.value(metadata double* %arrayidx.1, metadata !73, metadata !DIExpression()), !dbg !160
  %32 = load double, double* %arrayidx.1, align 8, !dbg !161
  call void @llvm.dbg.value(metadata double %32, metadata !74, metadata !DIExpression()), !dbg !161
  %add.1 = fadd double %32, 1.000000e+00, !dbg !162
  call void @llvm.dbg.value(metadata double %add.1, metadata !75, metadata !DIExpression()), !dbg !162
  tail call void @llvm.assume(i1 %maskcond), !dbg !163
  %mul.1 = fmul double %add.1, 2.000000e+00, !dbg !164
  call void @llvm.dbg.value(metadata double %mul.1, metadata !76, metadata !DIExpression()), !dbg !164
  store double %mul.1, double* %arrayidx.1, align 8, !dbg !165
  %indvars.iv.next.1 = add nuw nsw i64 %indvars.iv.next, 1, !dbg !166
  call void @llvm.dbg.value(metadata i64 %indvars.iv.next.1, metadata !77, metadata !DIExpression()), !dbg !166
  %exitcond.1 = icmp eq i64 %indvars.iv.next, 1599, !dbg !167
  call void @llvm.dbg.value(metadata i1 %exitcond.1, metadata !78, metadata !DIExpression()), !dbg !167
  br i1 %exitcond.1, label %for.end, label %for.body, !dbg !168, !llvm.loop !169

for.end:                                          ; preds = %middle.block, %for.body
  ret void, !dbg !170
}

CheckFunctionDebugify [Module Verifier]: PASS
BISECT: NOT running pass (2) Loop Vectorization on function (test1)
chrisDebugify: F:
define void @test1() !dbg !9 {
  %p = call align 8 i8* @get(), !dbg !18
  call void @llvm.dbg.value(metadata i8* %p, metadata !12, metadata !DIExpression()), !dbg !18
  %ptrint = ptrtoint i8* %p to i64, !dbg !19
  call void @llvm.dbg.value(metadata i64 %ptrint, metadata !14, metadata !DIExpression()), !dbg !19
  %maskedptr = and i64 %ptrint, 7, !dbg !20
  call void @llvm.dbg.value(metadata i64 %maskedptr, metadata !15, metadata !DIExpression()), !dbg !20
  %maskcond = icmp eq i64 %maskedptr, 0, !dbg !21
  call void @llvm.dbg.value(metadata i1 %maskcond, metadata !16, metadata !DIExpression()), !dbg !21
  call void @llvm.assume(i1 %maskcond), !dbg !22
  ret void, !dbg !23
}

CheckFunctionDebugify [Loop Vectorization]: PASS
chrisDebugify: F:
define void @test1() !dbg !9 {
  %p = call align 8 i8* @get(), !dbg !18
  call void @llvm.dbg.value(metadata i8* %p, metadata !12, metadata !DIExpression()), !dbg !18
  %ptrint = ptrtoint i8* %p to i64, !dbg !19
  call void @llvm.dbg.value(metadata i64 %ptrint, metadata !14, metadata !DIExpression()), !dbg !19
  %maskedptr = and i64 %ptrint, 7, !dbg !20
  call void @llvm.dbg.value(metadata i64 %maskedptr, metadata !15, metadata !DIExpression()), !dbg !20
  %maskcond = icmp eq i64 %maskedptr, 0, !dbg !21
  call void @llvm.dbg.value(metadata i1 %maskcond, metadata !16, metadata !DIExpression()), !dbg !21
  call void @llvm.assume(i1 %maskcond), !dbg !22
  ret void, !dbg !23
}

CheckFunctionDebugify [Module Verifier]: PASS
BISECT: NOT running pass (3) Loop Vectorization on function (test3)
chrisDebugify: F:
define void @test3() !dbg !9 {
  %p = alloca i8, align 8, !dbg !18
  call void @llvm.dbg.value(metadata i8* %p, metadata !12, metadata !DIExpression()), !dbg !18
  %ptrint = ptrtoint i8* %p to i64, !dbg !19
  call void @llvm.dbg.value(metadata i64 %ptrint, metadata !14, metadata !DIExpression()), !dbg !19
  %maskedptr = and i64 %ptrint, 7, !dbg !20
  call void @llvm.dbg.value(metadata i64 %maskedptr, metadata !15, metadata !DIExpression()), !dbg !20
  %maskcond = icmp eq i64 %maskedptr, 0, !dbg !21
  call void @llvm.dbg.value(metadata i1 %maskcond, metadata !16, metadata !DIExpression()), !dbg !21
  call void @llvm.assume(i1 %maskcond), !dbg !22
  ret void, !dbg !23
}

CheckFunctionDebugify [Loop Vectorization]: PASS
chrisDebugify: F:
define void @test3() !dbg !9 {
  %p = alloca i8, align 8, !dbg !18
  call void @llvm.dbg.value(metadata i8* %p, metadata !12, metadata !DIExpression()), !dbg !18
  %ptrint = ptrtoint i8* %p to i64, !dbg !19
  call void @llvm.dbg.value(metadata i64 %ptrint, metadata !14, metadata !DIExpression()), !dbg !19
  %maskedptr = and i64 %ptrint, 7, !dbg !20
  call void @llvm.dbg.value(metadata i64 %maskedptr, metadata !15, metadata !DIExpression()), !dbg !20
  %maskcond = icmp eq i64 %maskedptr, 0, !dbg !21
  call void @llvm.dbg.value(metadata i1 %maskcond, metadata !16, metadata !DIExpression()), !dbg !21
  call void @llvm.assume(i1 %maskcond), !dbg !22
  ret void, !dbg !23
}

CheckFunctionDebugify [Module Verifier]: PASS
